<?xml version="1.0" encoding="UTF-8"?>
<!-- Generated by org.testng.reporters.JUnitReportReporter -->
<testsuite skipped="0" hostname="DESKTOP-V67VMPI" name="testCases.NopAutomation" tests="1" failures="0" timestamp="2021-03-03T19:36:20 CST" time="12.317" errors="0">
  <testcase name="appAutomation" time="12.317" classname="testCases.NopAutomation"/>
  <system-out/>
</testsuite> <!-- testCases.NopAutomation -->
